Determining if the pthread_create exist failed with the following output:
Change Dir: /home/harshith/ns-allinone-3.30.1/build/CMakeFiles/CMakeTmp

Run Build Command:"/usr/bin/ninja" "cmTC_25c0f"
[1/2] Building CXX object CMakeFiles/cmTC_25c0f.dir/CheckSymbolExists.cxx.o
[2/2] Linking CXX executable cmTC_25c0f
FAILED: cmTC_25c0f 
: && /home/linuxbrew/.linuxbrew/bin/g++-11     CMakeFiles/cmTC_25c0f.dir/CheckSymbolExists.cxx.o  -o cmTC_25c0f   && :
/home/linuxbrew/.linuxbrew/bin/ld: CMakeFiles/cmTC_25c0f.dir/CheckSymbolExists.cxx.o: in function `main':
CheckSymbolExists.cxx:(.text+0x1b): undefined reference to `pthread_create'
collect2: error: ld returned 1 exit status
ninja: build stopped: subcommand failed.

File /home/harshith/ns-allinone-3.30.1/build/CMakeFiles/CMakeTmp/CheckSymbolExists.cxx:
/* */
#include <pthread.h>

int main(int argc, char** argv)
{
  (void)argv;
#ifndef pthread_create
  return ((int*)(&pthread_create))[argc];
#else
  (void)argc;
  return 0;
#endif
}

